1568812847267	mozrunner::runner	INFO	Running command: "C:\\Program Files\\Mozilla Firefox\\firefox.exe" "-marionette" "-foreground" "-no-remote" "-profile" "C:\\Users\\JOHNMA~1\\AppData\\Local\\Temp\\rust_mozprofile.X4TsHZlqqjRz"
1568812847772	addons.webextension.screenshots@mozilla.org	WARN	Loading extension 'screenshots@mozilla.org': Reading manifest: Invalid extension permission: mozillaAddons
1568812847773	addons.webextension.screenshots@mozilla.org	WARN	Loading extension 'screenshots@mozilla.org': Reading manifest: Invalid extension permission: telemetry
1568812847774	addons.webextension.screenshots@mozilla.org	WARN	Loading extension 'screenshots@mozilla.org': Reading manifest: Invalid extension permission: resource://pdf.js/
1568812847775	addons.webextension.screenshots@mozilla.org	WARN	Loading extension 'screenshots@mozilla.org': Reading manifest: Invalid extension permission: about:reader*
JavaScript error: resource://gre/modules/XULStore.jsm, line 66: Error: Can't find profile directory.
1568812849544	Marionette	INFO	Listening on port 59448
1568812849913	Marionette	WARN	TLS certificate errors will be ignored for this session
1568812853929	Marionette	INFO	Stopped listening on port 59448
[Child 59584, Chrome_ChildThread] WJavaAScrRNIipNtG e:r rpori: httppes:/ /ewrwrwo.gstratic.co:m/ cha1rts/46.2/loader09.:js, f liilnee  z:2/2task7_156:6 8N6S4_3ERRO3R6_/NOTb_INuiITlIAd/sLrIcZ/EiDp:c /c
hrJaovmiuamScr/isprtc er/rchroomre:/ chommtont/ps:/ip/cw_wcwh.agnsnelta_win.ctci,c .lcineom/chart s3/4416
.2/loader.js, line 227: NS_ERROR_NOT_INITIALIZED: 
[Parent 62400, Gecko_IOThread] WARNING: pipe error: 109: file z:/task_1566864336/build/src/ipc/chromium/src/chrome/common/ipc_channel_win.cc, line 341
[Child 50804[Parent 6,2 4C00, Gecko_IhOrTohmree_aCdh]i lWdATRhNrIeNaGd:]  pWipARNINGe: er rpoir: 109: file pe ez:r/ror:task_1 10566864336/bu9: file z:/task_1i5l6d6/8s6r4c3/3i6p/cb/ucihlromium/srcd//cshrrco/ipmce/co/mcmhorno/mipc_channel_wiiunm.cc/,s rc/lcihnreo m3e4/1c
om[mon/ipc_channel_wCihni.ld 55c512, Chromce,_Ch illdiTnher e341a
d] WARNING: pipe error: 109: file z:/task_1566864336/build/src/ipc/chromium/src/chrome/common/ipc_channel_win.cc, line 341
[
###!!! [Child][RunMessage] Error: Channel closing: too late to send/recv, messages will be lost


###!!! [Child][MessageChannel::SendAndWait] Error: Channel error: cannot send/recv

1568819724434	mozrunner::runner	INFO	Running command: "C:\\Program Files\\Mozilla Firefox\\firefox.exe" "-marionette" "-foreground" "-no-remote" "-profile" "C:\\Users\\JOHNMA~1\\AppData\\Local\\Temp\\rust_mozprofile.ijLOMUixu0LV"
1568819724915	addons.webextension.screenshots@mozilla.org	WARN	Loading extension 'screenshots@mozilla.org': Reading manifest: Invalid extension permission: mozillaAddons
1568819724916	addons.webextension.screenshots@mozilla.org	WARN	Loading extension 'screenshots@mozilla.org': Reading manifest: Invalid extension permission: telemetry
1568819724916	addons.webextension.screenshots@mozilla.org	WARN	Loading extension 'screenshots@mozilla.org': Reading manifest: Invalid extension permission: resource://pdf.js/
1568819724917	addons.webextension.screenshots@mozilla.org	WARN	Loading extension 'screenshots@mozilla.org': Reading manifest: Invalid extension permission: about:reader*
JavaScript error: resource://gre/modules/XULStore.jsm, line 66: Error: Can't find profile directory.
1568819726721	Marionette	INFO	Listening on port 59813
1568819727123	Marionette	WARN	TLS certificate errors will be ignored for this session
JavaScript error: https://maps.googleapis.com/maps/api/js?client=gme-corelogicsolutions&channel=Matrix-NOM&libraries=drawing,places,geometry&language=en-US, line 97: Error: Could not load "overlay".
JavaScript error: https://maps.googleapis.com/maps/api/js?client=gme-corelogicsolutions&channel=Matrix-NOM&libraries=drawing,places,geometry&language=en-US, line 97: Error: Could not load "overlay".
JavaScript error: https://maps.googleapis.com/maps/api/js?client=gme-corelogicsolutions&channel=Matrix-NOM&libraries=drawing,places,geometry&language=en-US, line 97: Error: Could not load "overlay".
JavaScript error: https://maps.googleapis.com/maps/api/js?client=gme-corelogicsolutions&channel=Matrix-NOM&libraries=drawing,places,geometry&language=en-US, line 97: Error: Could not load "overlay".
JavaScript error: https://maps.googleapis.com/maps/api/js?client=gme-corelogicsolutions&channel=Matrix-NOM&libraries=drawing,places,geometry&language=en-US, line 97: Error: Could not load "overlay".
JavaScript error: https://maps.googleapis.com/maps/api/js?client=gme-corelogicsolutions&channel=Matrix-NOM&libraries=drawing,places,geometry&language=en-US, line 97: Error: Could not load "overlay".
JavaScript error: https://maps.googleapis.com/maps/api/js?client=gme-corelogicsolutions&channel=Matrix-NOM&libraries=drawing,places,geometry&language=en-US, line 97: Error: Could not load "overlay".
JavaScript error: https://maps.googleapis.com/maps/api/js?client=gme-corelogicsolutions&channel=Matrix-NOM&libraries=drawing,places,geometry&language=en-US, line 97: Error: Could not load "overlay".
JavaScript error: https://maps.googleapis.com/maps/api/js?client=gme-corelogicsolutions&channel=Matrix-NOM&libraries=drawing,places,geometry&language=en-US, line 97: Error: Could not load "overlay".
JavaScript error: https://maps.googleapis.com/maps/api/js?client=gme-corelogicsolutions&channel=Matrix-NOM&libraries=drawing,places,geometry&language=en-US, line 97: Error: Could not load "overlay".
JavaScript error: https://maps.googleapis.com/maps/api/js?client=gme-corelogicsolutions&channel=Matrix-NOM&libraries=drawing,places,geometry&language=en-US, line 97: Error: Could not load "overlay".
JavaScript error: https://maps.googleapis.com/maps/api/js?client=gme-corelogicsolutions&channel=Matrix-NOM&libraries=drawing,places,geometry&language=en-US, line 97: Error: Could not load "overlay".
JavaScript error: https://maps.googleapis.com/maps/api/js?client=gme-corelogicsolutions&channel=Matrix-NOM&libraries=drawing,places,geometry&language=en-US, line 97: Error: Could not load "overlay".
JavaScript error: https://maps.googleapis.com/maps/api/js?client=gme-corelogicsolutions&channel=Matrix-NOM&libraries=drawing,places,geometry&language=en-US, line 97: Error: Could not load "overlay".
JavaScript error: https://maps.googleapis.com/maps/api/js?client=gme-corelogicsolutions&channel=Matrix-NOM&libraries=drawing,places,geometry&language=en-US, line 97: Error: Could not load "overlay".
JavaScript error: https://maps.googleapis.com/maps/api/js?client=gme-corelogicsolutions&channel=Matrix-NOM&libraries=drawing,places,geometry&language=en-US, line 97: Error: Could not load "overlay".
JavaScript error: https://maps.googleapis.com/maps/api/js?client=gme-corelogicsolutions&channel=Matrix-NOM&libraries=drawing,places,geometry&language=en-US, line 97: Error: Could not load "overlay".
JavaScript error: https://maps.googleapis.com/maps/api/js?client=gme-corelogicsolutions&channel=Matrix-NOM&libraries=drawing,places,geometry&language=en-US, line 97: Error: Could not load "overlay".
JavaScript error: https://maps.googleapis.com/maps/api/js?client=gme-corelogicsolutions&channel=Matrix-NOM&libraries=drawing,places,geometry&language=en-US, line 97: Error: Could not load "overlay".
JavaScript error: https://maps.googleapis.com/maps/api/js?client=gme-corelogicsolutions&channel=Matrix-NOM&libraries=drawing,places,geometry&language=en-US, line 97: Error: Could not load "overlay".
JavaScript error: https://maps.googleapis.com/maps/api/js?client=gme-corelogicsolutions&channel=Matrix-NOM&libraries=drawing,places,geometry&language=en-US, line 97: Error: Could not load "overlay".
JavaScript error: https://maps.googleapis.com/maps/api/js?client=gme-corelogicsolutions&channel=Matrix-NOM&libraries=drawing,places,geometry&language=en-US, line 97: Error: Could not load "overlay".
JavaScript error: https://maps.googleapis.com/maps/api/js?client=gme-corelogicsolutions&channel=Matrix-NOM&libraries=drawing,places,geometry&language=en-US, line 97: Error: Could not load "overlay".
JavaScript error: https://maps.googleapis.com/maps/api/js?client=gme-corelogicsolutions&channel=Matrix-NOM&libraries=drawing,places,geometry&language=en-US, line 97: Error: Could not load "overlay".
JavaScript error: https://maps.googleapis.com/maps/api/js?client=gme-corelogicsolutions&channel=Matrix-NOM&libraries=drawing,places,geometry&language=en-US, line 97: Error: Could not load "overlay".
JavaScript error: https://maps.googleapis.com/maps/api/js?client=gme-corelogicsolutions&channel=Matrix-NOM&libraries=drawing,places,geometry&language=en-US, line 97: Error: Could not load "overlay".
JavaScript error: https://maps.googleapis.com/maps/api/js?client=gme-corelogicsolutions&channel=Matrix-NOM&libraries=drawing,places,geometry&language=en-US, line 97: Error: Could not load "overlay".
JavaScript error: https://maps.googleapis.com/maps/api/js?client=gme-corelogicsolutions&channel=Matrix-NOM&libraries=drawing,places,geometry&language=en-US, line 97: Error: Could not load "overlay".
JavaScript error: https://maps.googleapis.com/maps/api/js?client=gme-corelogicsolutions&channel=Matrix-NOM&libraries=drawing,places,geometry&language=en-US, line 97: Error: Could not load "overlay".
JavaScript error: https://maps.googleapis.com/maps/api/js?client=gme-corelogicsolutions&channel=Matrix-NOM&libraries=drawing,places,geometry&language=en-US, line 97: Error: Could not load "overlay".
JavaScript error: https://maps.googleapis.com/maps/api/js?client=gme-corelogicsolutions&channel=Matrix-NOM&libraries=drawing,places,geometry&language=en-US, line 97: Error: Could not load "overlay".
JavaScript error: https://maps.googleapis.com/maps/api/js?client=gme-corelogicsolutions&channel=Matrix-NOM&libraries=drawing,places,geometry&language=en-US, line 97: Error: Could not load "overlay".
JavaScript error: https://maps.googleapis.com/maps/api/js?client=gme-corelogicsolutions&channel=Matrix-NOM&libraries=drawing,places,geometry&language=en-US, line 97: Error: Could not load "overlay".
JavaScript error: https://maps.googleapis.com/maps/api/js?client=gme-corelogicsolutions&channel=Matrix-NOM&libraries=drawing,places,geometry&language=en-US, line 97: Error: Could not load "overlay".
JavaScript error: https://maps.googleapis.com/maps/api/js?client=gme-corelogicsolutions&channel=Matrix-NOM&libraries=drawing,places,geometry&language=en-US, line 97: Error: Could not load "overlay".
JavaScript error: https://maps.googleapis.com/maps/api/js?client=gme-corelogicsolutions&channel=Matrix-NOM&libraries=drawing,places,geometry&language=en-US, line 97: Error: Could not load "overlay".
JavaScript error: https://maps.googleapis.com/maps/api/js?client=gme-corelogicsolutions&channel=Matrix-NOM&libraries=drawing,places,geometry&language=en-US, line 97: Error: Could not load "overlay".
JavaScript error: https://maps.googleapis.com/maps/api/js?client=gme-corelogicsolutions&channel=Matrix-NOM&libraries=drawing,places,geometry&language=en-US, line 97: Error: Could not load "overlay".
JavaScript error: https://maps.googleapis.com/maps/api/js?client=gme-corelogicsolutions&channel=Matrix-NOM&libraries=drawing,places,geometry&language=en-US, line 97: Error: Could not load "overlay".
JavaScript error: https://maps.googleapis.com/maps/api/js?client=gme-corelogicsolutions&channel=Matrix-NOM&libraries=drawing,places,geometry&language=en-US, line 97: Error: Could not load "overlay".
JavaScript error: https://maps.googleapis.com/maps/api/js?client=gme-corelogicsolutions&channel=Matrix-NOM&libraries=drawing,places,geometry&language=en-US, line 97: Error: Could not load "overlay".
JavaScript error: https://maps.googleapis.com/maps/api/js?client=gme-corelogicsolutions&channel=Matrix-NOM&libraries=drawing,places,geometry&language=en-US, line 97: Error: Could not load "overlay".
JavaScript error: https://maps.googleapis.com/maps/api/js?client=gme-corelogicsolutions&channel=Matrix-NOM&libraries=drawing,places,geometry&language=en-US, line 97: Error: Could not load "overlay".
JavaScript error: https://maps.googleapis.com/maps/api/js?client=gme-corelogicsolutions&channel=Matrix-NOM&libraries=drawing,places,geometry&language=en-US, line 97: Error: Could not load "overlay".
JavaScript error: https://maps.googleapis.com/maps/api/js?client=gme-corelogicsolutions&channel=Matrix-NOM&libraries=drawing,places,geometry&language=en-US, line 97: Error: Could not load "overlay".
JavaScript error: https://maps.googleapis.com/maps/api/js?client=gme-corelogicsolutions&channel=Matrix-NOM&libraries=drawing,places,geometry&language=en-US, line 97: Error: Could not load "overlay".
JavaScript error: https://maps.googleapis.com/maps/api/js?client=gme-corelogicsolutions&channel=Matrix-NOM&libraries=drawing,places,geometry&language=en-US, line 97: Error: Could not load "overlay".
JavaScript error: https://maps.googleapis.com/maps/api/js?client=gme-corelogicsolutions&channel=Matrix-NOM&libraries=drawing,places,geometry&language=en-US, line 97: Error: Could not load "overlay".
JavaScript error: https://maps.googleapis.com/maps/api/js?client=gme-corelogicsolutions&channel=Matrix-NOM&libraries=drawing,places,geometry&language=en-US, line 97: Error: Could not load "overlay".
JavaScript error: https://maps.googleapis.com/maps/api/js?client=gme-corelogicsolutions&channel=Matrix-NOM&libraries=drawing,places,geometry&language=en-US, line 97: Error: Could not load "overlay".
JavaScript error: https://maps.googleapis.com/maps/api/js?client=gme-corelogicsolutions&channel=Matrix-NOM&libraries=drawing,places,geometry&language=en-US, line 97: Error: Could not load "overlay".
JavaScript error: https://maps.googleapis.com/maps/api/js?client=gme-corelogicsolutions&channel=Matrix-NOM&libraries=drawing,places,geometry&language=en-US, line 97: Error: Could not load "overlay".
JavaScript error: https://maps.googleapis.com/maps/api/js?client=gme-corelogicsolutions&channel=Matrix-NOM&libraries=drawing,places,geometry&language=en-US, line 97: Error: Could not load "overlay".
JavaScript error: https://maps.googleapis.com/maps/api/js?client=gme-corelogicsolutions&channel=Matrix-NOM&libraries=drawing,places,geometry&language=en-US, line 97: Error: Could not load "overlay".
JavaScript error: https://maps.googleapis.com/maps/api/js?client=gme-corelogicsolutions&channel=Matrix-NOM&libraries=drawing,places,geometry&language=en-US, line 97: Error: Could not load "overlay".
JavaScript error: https://maps.googleapis.com/maps/api/js?client=gme-corelogicsolutions&channel=Matrix-NOM&libraries=drawing,places,geometry&language=en-US, line 97: Error: Could not load "overlay".
JavaScript error: https://maps.googleapis.com/maps/api/js?client=gme-corelogicsolutions&channel=Matrix-NOM&libraries=drawing,places,geometry&language=en-US, line 97: Error: Could not load "overlay".
JavaScript error: https://maps.googleapis.com/maps/api/js?client=gme-corelogicsolutions&channel=Matrix-NOM&libraries=drawing,places,geometry&language=en-US, line 97: Error: Could not load "overlay".
JavaScript error: https://maps.googleapis.com/maps/api/js?client=gme-corelogicsolutions&channel=Matrix-NOM&libraries=drawing,places,geometry&language=en-US, line 97: Error: Could not load "overlay".
JavaScript error: https://maps.googleapis.com/maps/api/js?client=gme-corelogicsolutions&channel=Matrix-NOM&libraries=drawing,places,geometry&language=en-US, line 97: Error: Could not load "overlay".
1568819735646	Marionette	INFO	Stopped listening on port 59813
[Parent 59652, Gecko_IOThread] WARNING: pipe error: 109: file z:/task_1566864336/build/src/ipc/chromium/src/chrome/common/ipc_channel_win.cc, line 341
[Child 63368, Chrome_C[hilParednTth 5965r2e, Geckao_IOdT]h rWeAadRNI]NG :WA RNINGp: pipe erroirpe : 1e09: filer rz:/taoskr:_1 256368643362/b:ui lfdi/slrec/ izpc/chromium/src/c:/throme/caommon/ipc_channel_win.sckc, lin_e15 341
66864336/build/src/ipc/chromium/src/chrome/common/ipc_channel_win.cc, line 502
[
###!!! [Child][RunMessage] Error: Channel closing: too late to send/recv, messages will be lost


###!!! [Child][MessageChannel::SendAndWait] Error: Channel error: cannot send/recv

